Looking for git in: git
Using git 2.31.1 from git
> git rev-parse --git-dir
Open repository: /home/darshan
> git status -z -u
> git check-ignore -v -z --stdin
> git check-ignore -v -z --stdin
> git check-ignore -v -z --stdin
> git symbolic-ref --short HEAD
> git for-each-ref --format=%(refname)%00%(upstream:short)%00%(objectname)%00%(upstream:track) refs/heads/master refs/remotes/master
> git for-each-ref --sort -committerdate --format %(refname) %(objectname) %(*objectname)
> git remote --verbose
> git config --get commit.template
> git show --textconv :Projects/FlutterProjects/flutter_file_manager/lib/main.dart
> git ls-files --stage -- /home/darshan/Projects/FlutterProjects/flutter_file_manager/lib/main.dart
> git check-ignore -v -z --stdin
> git status -z -u
> git show --textconv :Projects/FlutterProjects/flutter_file_manager/lib/main.dart
> git ls-files --stage -- /home/darshan/Projects/FlutterProjects/flutter_file_manager/lib/main.dart
> git check-ignore -v -z --stdin
> git check-ignore -v -z --stdin
> git symbolic-ref --short HEAD
> git for-each-ref --format=%(refname)%00%(upstream:short)%00%(objectname)%00%(upstream:track) refs/heads/master refs/remotes/master
> git for-each-ref --sort -committerdate --format %(refname) %(objectname) %(*objectname)
> git remote --verbose
> git config --get commit.template
> git check-ignore -v -z --stdin
> git check-ignore -v -z --stdin
> git check-ignore -v -z --stdin
> git check-ignore -v -z --stdin
> git log --format=%H%n%aN%n%aE%n%at%n%ct%n%P%n%B -z -n21 -- /home/darshan/Projects/FlutterProjects/flutter_file_manager/lib/main.dart
