[2021-05-18 11:31:59.712] [exthost] [info] extension host started
[2021-05-18 11:31:59.778] [exthost] [info] ExtensionService#_doActivateExtension Dart-Code.dart-code {"startup":false,"extensionId":{"value":"Dart-Code.dart-code","_lower":"dart-code.dart-code"},"activationEvent":"onLanguage:dart"}
[2021-05-18 11:31:59.778] [exthost] [info] ExtensionService#loadCommonJSModule file:///home/darshan/.vscode-oss/extensions/dart-code.dart-code-3.22.0/out/dist/extension
[2021-05-18 11:31:59.841] [exthost] [info] ExtensionService#_doActivateExtension vscode.debug-auto-launch {"startup":true,"extensionId":{"value":"vscode.debug-auto-launch","_lower":"vscode.debug-auto-launch"},"activationEvent":"*"}
[2021-05-18 11:31:59.841] [exthost] [info] ExtensionService#loadCommonJSModule file:///usr/lib/code/extensions/debug-auto-launch/dist/extension
[2021-05-18 11:31:59.843] [exthost] [info] ExtensionService#_doActivateExtension vscode.git {"startup":true,"extensionId":{"value":"vscode.github","_lower":"vscode.github"},"activationEvent":"*"}
[2021-05-18 11:31:59.843] [exthost] [info] ExtensionService#loadCommonJSModule file:///usr/lib/code/extensions/git/dist/main
[2021-05-18 11:31:59.858] [exthost] [info] ExtensionService#_doActivateExtension vscodevim.vim {"startup":true,"extensionId":{"value":"vscodevim.vim","_lower":"vscodevim.vim"},"activationEvent":"*"}
[2021-05-18 11:31:59.858] [exthost] [info] ExtensionService#loadCommonJSModule file:///home/darshan/.vscode-oss/extensions/vscodevim.vim-1.20.2/out/extension
[2021-05-18 11:31:59.978] [exthost] [info] ExtensionService#_doActivateExtension vscode.github {"startup":true,"extensionId":{"value":"vscode.github","_lower":"vscode.github"},"activationEvent":"*"}
[2021-05-18 11:31:59.978] [exthost] [info] ExtensionService#loadCommonJSModule file:///usr/lib/code/extensions/github/dist/extension.js
[2021-05-18 11:32:00.074] [exthost] [info] ExtensionService#_doActivateExtension ms-vscode.js-debug {"startup":false,"extensionId":{"value":"ms-vscode.js-debug","_lower":"ms-vscode.js-debug"},"activationEvent":"onCommand:extension.js-debug.clearAutoAttachVariables"}
[2021-05-18 11:32:00.074] [exthost] [info] ExtensionService#loadCommonJSModule file:///usr/lib/code/extensions/ms-vscode.js-debug/src/extension.js
[2021-05-18 11:32:00.211] [exthost] [info] eager extensions activated
[2021-05-18 11:32:00.246] [exthost] [info] ExtensionService#_doActivateExtension Dart-Code.flutter {"startup":false,"extensionId":{"value":"Dart-Code.dart-code","_lower":"dart-code.dart-code"},"activationEvent":"api"}
[2021-05-18 11:32:00.246] [exthost] [info] ExtensionService#loadCommonJSModule file:///home/darshan/.vscode-oss/extensions/dart-code.flutter-3.22.0/out/src/extension
[2021-05-18 11:32:00.248] [exthost] [info] ExtensionService#_doActivateExtension vscode.emmet {"startup":false,"extensionId":{"value":"vscode.emmet","_lower":"vscode.emmet"},"activationEvent":"onStartupFinished"}
[2021-05-18 11:32:00.248] [exthost] [info] ExtensionService#loadCommonJSModule file:///usr/lib/code/extensions/emmet/dist/node/emmetNodeMain
[2021-05-18 11:32:00.254] [exthost] [info] ExtensionService#_doActivateExtension vscode.merge-conflict {"startup":false,"extensionId":{"value":"vscode.merge-conflict","_lower":"vscode.merge-conflict"},"activationEvent":"onStartupFinished"}
[2021-05-18 11:32:00.254] [exthost] [info] ExtensionService#loadCommonJSModule file:///usr/lib/code/extensions/merge-conflict/dist/mergeConflictMain
[2021-05-18 11:32:00.256] [exthost] [info] ExtensionService#_doActivateExtension vscode.testing-editor-contributions {"startup":false,"extensionId":{"value":"vscode.testing-editor-contributions","_lower":"vscode.testing-editor-contributions"},"activationEvent":"onStartupFinished"}
[2021-05-18 11:32:00.256] [exthost] [info] ExtensionService#loadCommonJSModule file:///usr/lib/code/extensions/testing-editor-contributions/dist/extension.js
[2021-05-18 11:32:00.258] [exthost] [info] ExtensionService#_doActivateExtension esbenp.prettier-vscode {"startup":false,"extensionId":{"value":"esbenp.prettier-vscode","_lower":"esbenp.prettier-vscode"},"activationEvent":"onStartupFinished"}
[2021-05-18 11:32:00.258] [exthost] [info] ExtensionService#loadCommonJSModule file:///home/darshan/.vscode-oss/extensions/esbenp.prettier-vscode-6.4.0/dist/extension
[2021-05-18 11:32:00.491] [exthost] [error] [Dart-Code.dart-code] provider FAILED
[2021-05-18 11:32:00.491] [exthost] [error] {"code":"GET_FIXES_INVALID_FILE","message":"Error during `edit.getFixes`: invalid file."}
[2021-05-18 11:32:00.588] [exthost] [warning] [Decorations] CAPPING events from decorations provider vscode.git 5000
[2021-05-18 11:32:01.468] [exthost] [info] ExtensionService#_doActivateExtension vscode.debug-server-ready {"startup":false,"extensionId":{"value":"vscode.debug-server-ready","_lower":"vscode.debug-server-ready"},"activationEvent":"onDebugResolve"}
[2021-05-18 11:32:01.468] [exthost] [info] ExtensionService#loadCommonJSModule file:///usr/lib/code/extensions/debug-server-ready/dist/extension
[2021-05-18 15:18:46.204] [exthost] [warning] TextEditor is closed/disposed
[2021-05-18 15:19:41.029] [exthost] [warning] TextEditor is closed/disposed
[2021-05-18 15:19:52.978] [exthost] [warning] TextEditor is closed/disposed
[2021-05-18 15:20:16.891] [exthost] [warning] TextEditor is closed/disposed
[2021-05-18 15:20:26.781] [exthost] [warning] TextEditor is closed/disposed
[2021-05-18 15:26:29.557] [exthost] [warning] TextEditor is closed/disposed
[2021-05-18 15:43:55.582] [exthost] [warning] TextEditor is closed/disposed
[2021-05-18 15:48:56.595] [exthost] [info] ExtensionService#_doActivateExtension vscode.configuration-editing {"startup":false,"extensionId":{"value":"vscode.configuration-editing","_lower":"vscode.configuration-editing"},"activationEvent":"onLanguage:jsonc"}
[2021-05-18 15:48:56.596] [exthost] [info] ExtensionService#loadCommonJSModule file:///usr/lib/code/extensions/configuration-editing/dist/configurationEditingMain
[2021-05-18 15:48:56.611] [exthost] [info] ExtensionService#_doActivateExtension vscode.json-language-features {"startup":false,"extensionId":{"value":"vscode.json-language-features","_lower":"vscode.json-language-features"},"activationEvent":"onLanguage:jsonc"}
[2021-05-18 15:48:56.611] [exthost] [info] ExtensionService#loadCommonJSModule file:///usr/lib/code/extensions/json-language-features/client/dist/node/jsonClientMain
[2021-05-18 15:48:56.630] [exthost] [info] ExtensionService#_doActivateExtension vscode.typescript-language-features {"startup":false,"extensionId":{"value":"vscode.typescript-language-features","_lower":"vscode.typescript-language-features"},"activationEvent":"onLanguage:jsonc"}
[2021-05-18 15:48:56.630] [exthost] [info] ExtensionService#loadCommonJSModule file:///usr/lib/code/extensions/typescript-language-features/dist/extension
[2021-05-18 16:54:36.980] [exthost] [warning] TextEditor is closed/disposed
[2021-05-18 16:54:53.652] [exthost] [warning] TextEditor is closed/disposed
[2021-05-18 16:54:56.728] [exthost] [warning] TextEditor is closed/disposed
[2021-05-18 16:56:45.375] [exthost] [warning] TextEditor is closed/disposed
[2021-05-18 19:36:27.209] [exthost] [info] ExtensionService#_doActivateExtension CoenraadS.bracket-pair-colorizer {"startup":false,"extensionId":{"value":"CoenraadS.bracket-pair-colorizer","_lower":"coenraads.bracket-pair-colorizer"},"activationEvent":"*"}
[2021-05-18 19:36:27.210] [exthost] [info] ExtensionService#loadCommonJSModule file:///home/darshan/.vscode-oss/extensions/coenraads.bracket-pair-colorizer-1.0.61/out/src/extension
[2021-05-18 19:36:45.689] [exthost] [warning] TextEditor is closed/disposed
[2021-05-18 19:36:48.961] [exthost] [warning] TextEditor is closed/disposed
[2021-05-18 19:47:07.544] [exthost] [info] extension host terminating: received terminate message from renderer
[2021-05-18 19:47:08.560] [exthost] [info] exiting with code 0
