[2021-05-21 15:38:18.450] [exthost] [info] extension host started
[2021-05-21 15:38:18.573] [exthost] [info] ExtensionService#_doActivateExtension Dart-Code.dart-code {"startup":false,"extensionId":{"value":"Dart-Code.dart-code","_lower":"dart-code.dart-code"},"activationEvent":"onLanguage:dart"}
[2021-05-21 15:38:18.573] [exthost] [info] ExtensionService#loadCommonJSModule file:///home/darshan/.vscode-oss/extensions/dart-code.dart-code-3.22.0/out/dist/extension
[2021-05-21 15:38:18.638] [exthost] [info] ExtensionService#_doActivateExtension vscode.debug-auto-launch {"startup":true,"extensionId":{"value":"vscode.debug-auto-launch","_lower":"vscode.debug-auto-launch"},"activationEvent":"*"}
[2021-05-21 15:38:18.638] [exthost] [info] ExtensionService#loadCommonJSModule file:///usr/lib/code/extensions/debug-auto-launch/dist/extension
[2021-05-21 15:38:18.641] [exthost] [info] ExtensionService#_doActivateExtension vscode.git {"startup":true,"extensionId":{"value":"vscode.github","_lower":"vscode.github"},"activationEvent":"*"}
[2021-05-21 15:38:18.641] [exthost] [info] ExtensionService#loadCommonJSModule file:///usr/lib/code/extensions/git/dist/main
[2021-05-21 15:38:18.661] [exthost] [info] ExtensionService#_doActivateExtension CoenraadS.bracket-pair-colorizer {"startup":true,"extensionId":{"value":"CoenraadS.bracket-pair-colorizer","_lower":"coenraads.bracket-pair-colorizer"},"activationEvent":"*"}
[2021-05-21 15:38:18.661] [exthost] [info] ExtensionService#loadCommonJSModule file:///home/darshan/.vscode-oss/extensions/coenraads.bracket-pair-colorizer-1.0.61/out/src/extension
[2021-05-21 15:38:18.681] [exthost] [info] ExtensionService#_doActivateExtension vscodevim.vim {"startup":true,"extensionId":{"value":"vscodevim.vim","_lower":"vscodevim.vim"},"activationEvent":"*"}
[2021-05-21 15:38:18.681] [exthost] [info] ExtensionService#loadCommonJSModule file:///home/darshan/.vscode-oss/extensions/vscodevim.vim-1.20.2/out/extension
[2021-05-21 15:38:18.900] [exthost] [info] ExtensionService#_doActivateExtension vscode.github {"startup":true,"extensionId":{"value":"vscode.github","_lower":"vscode.github"},"activationEvent":"*"}
[2021-05-21 15:38:18.900] [exthost] [info] ExtensionService#loadCommonJSModule file:///usr/lib/code/extensions/github/dist/extension.js
[2021-05-21 15:38:19.150] [exthost] [info] eager extensions activated
[2021-05-21 15:38:19.186] [exthost] [info] ExtensionService#_doActivateExtension Dart-Code.flutter {"startup":false,"extensionId":{"value":"Dart-Code.dart-code","_lower":"dart-code.dart-code"},"activationEvent":"api"}
[2021-05-21 15:38:19.187] [exthost] [info] ExtensionService#loadCommonJSModule file:///home/darshan/.vscode-oss/extensions/dart-code.flutter-3.22.0/out/src/extension
[2021-05-21 15:38:19.194] [exthost] [info] ExtensionService#_doActivateExtension ms-vscode.js-debug {"startup":false,"extensionId":{"value":"ms-vscode.js-debug","_lower":"ms-vscode.js-debug"},"activationEvent":"onCommand:extension.js-debug.clearAutoAttachVariables"}
[2021-05-21 15:38:19.195] [exthost] [info] ExtensionService#loadCommonJSModule file:///usr/lib/code/extensions/ms-vscode.js-debug/src/extension.js
[2021-05-21 15:38:19.324] [exthost] [info] ExtensionService#_doActivateExtension vscode.emmet {"startup":false,"extensionId":{"value":"vscode.emmet","_lower":"vscode.emmet"},"activationEvent":"onStartupFinished"}
[2021-05-21 15:38:19.324] [exthost] [info] ExtensionService#loadCommonJSModule file:///usr/lib/code/extensions/emmet/dist/node/emmetNodeMain
[2021-05-21 15:38:19.339] [exthost] [info] ExtensionService#_doActivateExtension vscode.merge-conflict {"startup":false,"extensionId":{"value":"vscode.merge-conflict","_lower":"vscode.merge-conflict"},"activationEvent":"onStartupFinished"}
[2021-05-21 15:38:19.339] [exthost] [info] ExtensionService#loadCommonJSModule file:///usr/lib/code/extensions/merge-conflict/dist/mergeConflictMain
[2021-05-21 15:38:19.342] [exthost] [info] ExtensionService#_doActivateExtension vscode.testing-editor-contributions {"startup":false,"extensionId":{"value":"vscode.testing-editor-contributions","_lower":"vscode.testing-editor-contributions"},"activationEvent":"onStartupFinished"}
[2021-05-21 15:38:19.342] [exthost] [info] ExtensionService#loadCommonJSModule file:///usr/lib/code/extensions/testing-editor-contributions/dist/extension.js
[2021-05-21 15:38:19.343] [exthost] [info] ExtensionService#_doActivateExtension esbenp.prettier-vscode {"startup":false,"extensionId":{"value":"esbenp.prettier-vscode","_lower":"esbenp.prettier-vscode"},"activationEvent":"onStartupFinished"}
[2021-05-21 15:38:19.343] [exthost] [info] ExtensionService#loadCommonJSModule file:///home/darshan/.vscode-oss/extensions/esbenp.prettier-vscode-6.4.0/dist/extension
[2021-05-21 15:38:19.559] [exthost] [error] [Dart-Code.dart-code] provider FAILED
[2021-05-21 15:38:19.559] [exthost] [error] {"code":"GET_FIXES_INVALID_FILE","message":"Error during `edit.getFixes`: invalid file."}
[2021-05-21 15:38:22.309] [exthost] [warning] [Decorations] CAPPING events from decorations provider vscode.git 5000
[2021-05-21 15:38:44.026] [exthost] [info] ExtensionService#_doActivateExtension vscode.debug-server-ready {"startup":false,"extensionId":{"value":"vscode.debug-server-ready","_lower":"vscode.debug-server-ready"},"activationEvent":"onDebugResolve"}
[2021-05-21 15:38:44.026] [exthost] [info] ExtensionService#loadCommonJSModule file:///usr/lib/code/extensions/debug-server-ready/dist/extension
[2021-05-21 15:39:28.271] [exthost] [info] extension host terminating: received terminate message from renderer
[2021-05-21 15:39:29.293] [exthost] [info] exiting with code 0
