[2021-05-18 11:32:00.494] [renderer1] [error] Error during `edit.getFixes`: invalid file.
[2021-05-18 19:36:22.354] [renderer1] [error] EACCES: permission denied, open '/usr/lib/code/extensions/yaml/package.json': Error: EACCES: permission denied, open '/usr/lib/code/extensions/yaml/package.json'
[2021-05-18 19:36:22.359] [renderer1] [error] EACCES: permission denied, open '/usr/lib/code/extensions/json/package.json': Error: EACCES: permission denied, open '/usr/lib/code/extensions/json/package.json'
[2021-05-18 19:36:22.359] [renderer1] [error] EACCES: permission denied, open '/usr/lib/code/extensions/html/package.json': Error: EACCES: permission denied, open '/usr/lib/code/extensions/html/package.json'
[2021-05-18 19:36:22.360] [renderer1] [error] EACCES: permission denied, open '/usr/lib/code/extensions/julia/package.json': Error: EACCES: permission denied, open '/usr/lib/code/extensions/julia/package.json'
[2021-05-18 19:36:22.360] [renderer1] [error] EACCES: permission denied, open '/usr/lib/code/extensions/docker/package.json': Error: EACCES: permission denied, open '/usr/lib/code/extensions/docker/package.json'
[2021-05-18 19:36:23.922] [renderer1] [error] EACCES: permission denied, open '/usr/lib/code/extensions/json/package.json': Error: EACCES: permission denied, open '/usr/lib/code/extensions/json/package.json'
[2021-05-18 19:36:23.922] [renderer1] [error] EACCES: permission denied, open '/usr/lib/code/extensions/julia/package.json': Error: EACCES: permission denied, open '/usr/lib/code/extensions/julia/package.json'
[2021-05-18 19:36:23.923] [renderer1] [error] EACCES: permission denied, open '/usr/lib/code/extensions/yaml/package.json': Error: EACCES: permission denied, open '/usr/lib/code/extensions/yaml/package.json'
[2021-05-18 19:36:23.923] [renderer1] [error] EACCES: permission denied, open '/usr/lib/code/extensions/html/package.json': Error: EACCES: permission denied, open '/usr/lib/code/extensions/html/package.json'
[2021-05-18 19:36:23.923] [renderer1] [error] EACCES: permission denied, open '/usr/lib/code/extensions/docker/package.json': Error: EACCES: permission denied, open '/usr/lib/code/extensions/docker/package.json'
[2021-05-18 19:36:23.924] [renderer1] [error] EACCES: permission denied, open '/usr/lib/code/extensions/make/package.json': Error: EACCES: permission denied, open '/usr/lib/code/extensions/make/package.json'
[2021-05-18 19:36:23.924] [renderer1] [error] EACCES: permission denied, open '/usr/lib/code/extensions/handlebars/package.json': Error: EACCES: permission denied, open '/usr/lib/code/extensions/handlebars/package.json'
[2021-05-18 19:36:23.925] [renderer1] [error] EACCES: permission denied, open '/usr/lib/code/extensions/go/package.json': Error: EACCES: permission denied, open '/usr/lib/code/extensions/go/package.json'
[2021-05-18 19:36:23.925] [renderer1] [error] EACCES: permission denied, open '/usr/lib/code/extensions/clojure/package.json': Error: EACCES: permission denied, open '/usr/lib/code/extensions/clojure/package.json'
[2021-05-18 19:36:23.926] [renderer1] [error] EACCES: permission denied, open '/usr/lib/code/extensions/xml/package.json': Error: EACCES: permission denied, open '/usr/lib/code/extensions/xml/package.json'
[2021-05-18 19:36:23.926] [renderer1] [error] EACCES: permission denied, open '/usr/lib/code/extensions/ini/package.json': Error: EACCES: permission denied, open '/usr/lib/code/extensions/ini/package.json'
[2021-05-18 19:36:23.926] [renderer1] [error] EACCES: permission denied, open '/usr/lib/code/extensions/lua/package.json': Error: EACCES: permission denied, open '/usr/lib/code/extensions/lua/package.json'
[2021-05-18 19:36:23.927] [renderer1] [error] EACCES: permission denied, open '/usr/lib/code/extensions/hlsl/package.json': Error: EACCES: permission denied, open '/usr/lib/code/extensions/hlsl/package.json'
[2021-05-18 19:36:23.927] [renderer1] [error] EACCES: permission denied, open '/usr/lib/code/extensions/sql/package.json': Error: EACCES: permission denied, open '/usr/lib/code/extensions/sql/package.json'
[2021-05-18 19:36:23.927] [renderer1] [error] EACCES: permission denied, open '/usr/lib/code/extensions/perl/package.json': Error: EACCES: permission denied, open '/usr/lib/code/extensions/perl/package.json'
[2021-05-18 19:36:23.927] [renderer1] [error] EACCES: permission denied, open '/usr/lib/code/extensions/pug/package.json': Error: EACCES: permission denied, open '/usr/lib/code/extensions/pug/package.json'
[2021-05-18 19:36:23.928] [renderer1] [error] EACCES: permission denied, open '/usr/lib/code/extensions/rust/package.json': Error: EACCES: permission denied, open '/usr/lib/code/extensions/rust/package.json'
[2021-05-18 19:36:23.928] [renderer1] [error] EACCES: permission denied, open '/usr/lib/code/extensions/ruby/package.json': Error: EACCES: permission denied, open '/usr/lib/code/extensions/ruby/package.json'
[2021-05-18 19:36:23.928] [renderer1] [error] EACCES: permission denied, open '/usr/lib/code/extensions/r/package.json': Error: EACCES: permission denied, open '/usr/lib/code/extensions/r/package.json'
[2021-05-18 19:36:23.928] [renderer1] [error] EACCES: permission denied, open '/usr/lib/code/extensions/shaderlab/package.json': Error: EACCES: permission denied, open '/usr/lib/code/extensions/shaderlab/package.json'
[2021-05-18 19:36:23.929] [renderer1] [error] EACCES: permission denied, open '/usr/lib/code/extensions/php/package.json': Error: EACCES: permission denied, open '/usr/lib/code/extensions/php/package.json'
[2021-05-18 19:36:23.929] [renderer1] [error] EACCES: permission denied, open '/usr/lib/code/extensions/less/package.json': Error: EACCES: permission denied, open '/usr/lib/code/extensions/less/package.json'
[2021-05-18 19:36:23.929] [renderer1] [error] EACCES: permission denied, open '/usr/lib/code/extensions/groovy/package.json': Error: EACCES: permission denied, open '/usr/lib/code/extensions/groovy/package.json'
[2021-05-18 19:36:23.929] [renderer1] [error] EACCES: permission denied, open '/usr/lib/code/extensions/shellscript/package.json': Error: EACCES: permission denied, open '/usr/lib/code/extensions/shellscript/package.json'
[2021-05-18 19:36:23.930] [renderer1] [error] EACCES: permission denied, open '/usr/lib/code/extensions/python/package.json': Error: EACCES: permission denied, open '/usr/lib/code/extensions/python/package.json'
[2021-05-18 19:36:23.930] [renderer1] [error] EACCES: permission denied, open '/usr/lib/code/extensions/scss/package.json': Error: EACCES: permission denied, open '/usr/lib/code/extensions/scss/package.json'
[2021-05-18 19:36:23.930] [renderer1] [error] EACCES: permission denied, open '/usr/lib/code/extensions/swift/package.json': Error: EACCES: permission denied, open '/usr/lib/code/extensions/swift/package.json'
[2021-05-18 19:36:23.930] [renderer1] [error] EACCES: permission denied, open '/usr/lib/code/extensions/objective-c/package.json': Error: EACCES: permission denied, open '/usr/lib/code/extensions/objective-c/package.json'
[2021-05-18 19:36:23.931] [renderer1] [error] EACCES: permission denied, open '/usr/lib/code/extensions/razor/package.json': Error: EACCES: permission denied, open '/usr/lib/code/extensions/razor/package.json'
[2021-05-18 19:36:23.931] [renderer1] [error] EACCES: permission denied, open '/usr/lib/code/extensions/javascript/package.json': Error: EACCES: permission denied, open '/usr/lib/code/extensions/javascript/package.json'
[2021-05-18 19:36:23.931] [renderer1] [error] EACCES: permission denied, open '/usr/lib/code/extensions/java/package.json': Error: EACCES: permission denied, open '/usr/lib/code/extensions/java/package.json'
[2021-05-18 19:36:23.931] [renderer1] [error] EACCES: permission denied, open '/usr/lib/code/extensions/coffeescript/package.json': Error: EACCES: permission denied, open '/usr/lib/code/extensions/coffeescript/package.json'
[2021-05-18 19:36:23.931] [renderer1] [error] EACCES: permission denied, open '/usr/lib/code/extensions/csharp/package.json': Error: EACCES: permission denied, open '/usr/lib/code/extensions/csharp/package.json'
[2021-05-18 19:36:23.932] [renderer1] [error] EACCES: permission denied, open '/usr/lib/code/extensions/fsharp/package.json': Error: EACCES: permission denied, open '/usr/lib/code/extensions/fsharp/package.json'
[2021-05-18 19:36:23.932] [renderer1] [error] EACCES: permission denied, open '/usr/lib/code/extensions/typescript-basics/package.json': Error: EACCES: permission denied, open '/usr/lib/code/extensions/typescript-basics/package.json'
[2021-05-18 19:36:23.933] [renderer1] [error] EACCES: permission denied, open '/usr/lib/code/extensions/powershell/package.json': Error: EACCES: permission denied, open '/usr/lib/code/extensions/powershell/package.json'
[2021-05-18 19:36:23.933] [renderer1] [error] EACCES: permission denied, open '/usr/lib/code/extensions/cpp/package.json': Error: EACCES: permission denied, open '/usr/lib/code/extensions/cpp/package.json'
[2021-05-18 19:36:23.934] [renderer1] [error] EACCES: permission denied, open '/usr/lib/code/extensions/css/package.json': Error: EACCES: permission denied, open '/usr/lib/code/extensions/css/package.json'
[2021-05-18 19:36:23.934] [renderer1] [error] EACCES: permission denied, open '/usr/lib/code/extensions/bat/package.json': Error: EACCES: permission denied, open '/usr/lib/code/extensions/bat/package.json'
[2021-05-18 19:36:23.934] [renderer1] [error] EACCES: permission denied, open '/usr/lib/code/extensions/vb/package.json': Error: EACCES: permission denied, open '/usr/lib/code/extensions/vb/package.json'
