Looking for git in: git
Using git 2.31.1 from git
> git rev-parse --git-dir
Open repository: /home/darshan
> git status -z -u
> git check-ignore -v -z --stdin
> git symbolic-ref --short HEAD
> git for-each-ref --format=%(refname)%00%(upstream:short)%00%(objectname)%00%(upstream:track) refs/heads/master refs/remotes/master
> git for-each-ref --sort -committerdate --format %(refname) %(objectname) %(*objectname)
> git remote --verbose
> git config --get commit.template
> git show --textconv :personalportfolio/lib/main.dart
> git ls-files --stage -- /home/darshan/personalportfolio/lib/main.dart
> git check-ignore -v -z --stdin
> git show --textconv :personalportfolio/lib/main.dart
> git ls-files --stage -- /home/darshan/personalportfolio/lib/main.dart
> git log --format=%H%n%aN%n%aE%n%at%n%ct%n%P%n%B -z -n21 -- /home/darshan/personalportfolio/lib/main.dart
> git show --textconv :personalportfolio/lib/main.dart
> git ls-files --stage -- /home/darshan/personalportfolio/lib/main.dart
> git show --textconv :Programs/flutter/packages/flutter/lib/src/painting/image_provider.dart
> git ls-files --stage -- /home/darshan/Programs/flutter/packages/flutter/lib/src/painting/image_provider.dart
> git check-ignore -v -z --stdin
> git show --textconv :personalportfolio/lib/main.dart
> git ls-files --stage -- /home/darshan/personalportfolio/lib/main.dart
> git log --format=%H%n%aN%n%aE%n%at%n%ct%n%P%n%B -z -n21 -- /home/darshan/personalportfolio/lib/main.dart
> git show --textconv :personalportfolio/pubspec.yaml
> git ls-files --stage -- /home/darshan/personalportfolio/pubspec.yaml
> git check-ignore -v -z --stdin
> git check-ignore -v -z --stdin
> git show --textconv :personalportfolio/lib/main.dart
> git ls-files --stage -- /home/darshan/personalportfolio/lib/main.dart
> git show --textconv :personalportfolio/pubspec.yaml
> git ls-files --stage -- /home/darshan/personalportfolio/pubspec.yaml
> git show --textconv :personalportfolio/lib/main.dart
> git ls-files --stage -- /home/darshan/personalportfolio/lib/main.dart
