Looking for git in: git
Using git 2.31.1 from git
Opening repository for path='/home/darshan/Projects/React-Projects/project' failed; ex=Failed to execute git {
  "exitCode": 128,
  "gitErrorCode": "NotAGitRepository",
  "gitCommand": "rev-parse",
  "stdout": "",
  "stderr": "fatal: not a git repository (or any of the parent directories): .git\n"
}
Opening repository for path='/home/darshan/Projects/React-Projects/project/.gitignore' failed; ex=Error: spawn ENOTDIR
Opening repository for path='/home/darshan/Projects/React-Projects/project/README.md' failed; ex=Error: spawn ENOTDIR
Opening repository for path='/home/darshan/Projects/React-Projects/project/node_modules' failed; ex=Failed to execute git {
  "exitCode": 128,
  "gitErrorCode": "NotAGitRepository",
  "gitCommand": "rev-parse",
  "stdout": "",
  "stderr": "fatal: not a git repository (or any of the parent directories): .git\n"
}
Opening repository for path='/home/darshan/Projects/React-Projects/project/package-lock.json' failed; ex=Error: spawn ENOTDIR
Opening repository for path='/home/darshan/Projects/React-Projects/project/package.json' failed; ex=Error: spawn ENOTDIR
Opening repository for path='/home/darshan/Projects/React-Projects/project/public' failed; ex=Failed to execute git {
  "exitCode": 128,
  "gitErrorCode": "NotAGitRepository",
  "gitCommand": "rev-parse",
  "stdout": "",
  "stderr": "fatal: not a git repository (or any of the parent directories): .git\n"
}
Opening repository for path='/home/darshan/Projects/React-Projects/project/src' failed; ex=Failed to execute git {
  "exitCode": 128,
  "gitErrorCode": "NotAGitRepository",
  "gitCommand": "rev-parse",
  "stdout": "",
  "stderr": "fatal: not a git repository (or any of the parent directories): .git\n"
}
Opening repository for path='/home/darshan/Projects/React-Projects/project/src' failed; ex=Failed to execute git {
  "exitCode": 128,
  "gitErrorCode": "NotAGitRepository",
  "gitCommand": "rev-parse",
  "stdout": "",
  "stderr": "fatal: not a git repository (or any of the parent directories): .git\n"
}
Opening repository for path='/home/darshan/Projects/React-Projects/project' failed; ex=Failed to execute git {
  "exitCode": 128,
  "gitErrorCode": "NotAGitRepository",
  "gitCommand": "rev-parse",
  "stdout": "",
  "stderr": "fatal: not a git repository (or any of the parent directories): .git\n"
}
