[2021-05-17 18:30:02.212] [renderer1] [error] ENOENT: no such file or directory, open '/home/darshan/.config/Code - OSS/User/globalStorage/vscodevim.vim/.registers': Error: ENOENT: no such file or directory, open '/home/darshan/.config/Code - OSS/User/globalStorage/vscodevim.vim/.registers'
[2021-05-17 18:35:16.188] [renderer1] [error] <semantic> TypeScript Server Error (4.2.4)
Debug Failure. Expected export symbol to have a parent
Error: Debug Failure. Expected export symbol to have a parent
    at getReferencedSymbolsForSymbol (/usr/lib/code/extensions/node_modules/typescript/lib/tsserver.js:123916:94)
    at Object.getReferencedSymbolsForNode (/usr/lib/code/extensions/node_modules/typescript/lib/tsserver.js:123686:34)
    at Object.getReferenceEntriesForNode (/usr/lib/code/extensions/node_modules/typescript/lib/tsserver.js:123351:40)
    at getSemanticDocumentHighlights (/usr/lib/code/extensions/node_modules/typescript/lib/tsserver.js:121958:57)
    at Object.getDocumentHighlights (/usr/lib/code/extensions/node_modules/typescript/lib/tsserver.js:121946:20)
    at Proxy.getDocumentHighlights (/usr/lib/code/extensions/node_modules/typescript/lib/tsserver.js:149331:42)
    at IOSession.Session.getDocumentHighlights (/usr/lib/code/extensions/node_modules/typescript/lib/tsserver.js:159987:71)
    at Session.handlers.ts.Map.ts.getEntries._a.<computed> (/usr/lib/code/extensions/node_modules/typescript/lib/tsserver.js:159315:61)
    at /usr/lib/code/extensions/node_modules/typescript/lib/tsserver.js:160963:88
    at IOSession.Session.executeWithRequestId (/usr/lib/code/extensions/node_modules/typescript/lib/tsserver.js:160954:28)
    at IOSession.Session.executeCommand (/usr/lib/code/extensions/node_modules/typescript/lib/tsserver.js:160963:33)
    at IOSession.Session.onMessage (/usr/lib/code/extensions/node_modules/typescript/lib/tsserver.js:160989:35)
    at Interface.<anonymous> (/usr/lib/code/extensions/node_modules/typescript/lib/tsserver.js:163650:31)
    at Interface.emit (events.js:315:20)
    at Interface._onLine (readline.js:337:10)
    at Interface._normalWrite (readline.js:482:12)
    at Socket.ondata (readline.js:194:10)
    at Socket.emit (events.js:315:20)
    at addChunk (internal/streams/readable.js:309:12)
    at readableAddChunk (internal/streams/readable.js:284:9)
    at Socket.Readable.push (internal/streams/readable.js:223:10)
    at Pipe.onStreamRead (internal/stream_base_commons.js:188:23): Error: <semantic> TypeScript Server Error (4.2.4)
Debug Failure. Expected export symbol to have a parent
Error: Debug Failure. Expected export symbol to have a parent
    at getReferencedSymbolsForSymbol (/usr/lib/code/extensions/node_modules/typescript/lib/tsserver.js:123916:94)
    at Object.getReferencedSymbolsForNode (/usr/lib/code/extensions/node_modules/typescript/lib/tsserver.js:123686:34)
    at Object.getReferenceEntriesForNode (/usr/lib/code/extensions/node_modules/typescript/lib/tsserver.js:123351:40)
    at getSemanticDocumentHighlights (/usr/lib/code/extensions/node_modules/typescript/lib/tsserver.js:121958:57)
    at Object.getDocumentHighlights (/usr/lib/code/extensions/node_modules/typescript/lib/tsserver.js:121946:20)
    at Proxy.getDocumentHighlights (/usr/lib/code/extensions/node_modules/typescript/lib/tsserver.js:149331:42)
    at IOSession.Session.getDocumentHighlights (/usr/lib/code/extensions/node_modules/typescript/lib/tsserver.js:159987:71)
    at Session.handlers.ts.Map.ts.getEntries._a.<computed> (/usr/lib/code/extensions/node_modules/typescript/lib/tsserver.js:159315:61)
    at /usr/lib/code/extensions/node_modules/typescript/lib/tsserver.js:160963:88
    at IOSession.Session.executeWithRequestId (/usr/lib/code/extensions/node_modules/typescript/lib/tsserver.js:160954:28)
    at IOSession.Session.executeCommand (/usr/lib/code/extensions/node_modules/typescript/lib/tsserver.js:160963:33)
    at IOSession.Session.onMessage (/usr/lib/code/extensions/node_modules/typescript/lib/tsserver.js:160989:35)
    at Interface.<anonymous> (/usr/lib/code/extensions/node_modules/typescript/lib/tsserver.js:163650:31)
    at Interface.emit (events.js:315:20)
    at Interface._onLine (readline.js:337:10)
    at Interface._normalWrite (readline.js:482:12)
    at Socket.ondata (readline.js:194:10)
    at Socket.emit (events.js:315:20)
    at addChunk (internal/streams/readable.js:309:12)
    at readableAddChunk (internal/streams/readable.js:284:9)
    at Socket.Readable.push (internal/streams/readable.js:223:10)
    at Pipe.onStreamRead (internal/stream_base_commons.js:188:23)
    at Function.create (/usr/lib/code/extensions/typescript-language-features/dist/extension.js:1:70680)
    at dispatchResponse (/usr/lib/code/extensions/typescript-language-features/dist/extension.js:1:64555)
    at dispatchMessage (/usr/lib/code/extensions/typescript-language-features/dist/extension.js:1:63414)
    at /usr/lib/code/extensions/typescript-language-features/dist/extension.js:1:62924
    at fire (/usr/lib/code/out/vs/workbench/services/extensions/node/extensionHostProcess.js:57:1836)
    at g.onLengthData (/usr/lib/code/extensions/typescript-language-features/dist/extension.js:1:433224)
    at Socket.<anonymous> (/usr/lib/code/extensions/typescript-language-features/dist/extension.js:1:432872)
    at Socket.emit (events.js:315:20)
    at addChunk (internal/streams/readable.js:309:12)
    at readableAddChunk (internal/streams/readable.js:284:9)
    at Socket.Readable.push (internal/streams/readable.js:223:10)
    at Pipe.onStreamRead (internal/stream_base_commons.js:188:23)
[2021-05-17 18:35:20.975] [renderer1] [error] <semantic> TypeScript Server Error (4.2.4)
Debug Failure. Expected export symbol to have a parent
Error: Debug Failure. Expected export symbol to have a parent
    at getExportAssignmentExport (/usr/lib/code/extensions/node_modules/typescript/lib/tsserver.js:122961:58)
    at getExport (/usr/lib/code/extensions/node_modules/typescript/lib/tsserver.js:122942:32)
    at Object.getImportOrExportSymbol (/usr/lib/code/extensions/node_modules/typescript/lib/tsserver.js:122906:53)
    at getImportOrExportReferences (/usr/lib/code/extensions/node_modules/typescript/lib/tsserver.js:124508:56)
    at getReferencesAtLocation (/usr/lib/code/extensions/node_modules/typescript/lib/tsserver.js:124438:17)
    at getReferencesInContainer (/usr/lib/code/extensions/node_modules/typescript/lib/tsserver.js:124382:21)
    at getReferencesInContainerOrFiles (/usr/lib/code/extensions/node_modules/typescript/lib/tsserver.js:123929:21)
    at getReferencedSymbolsForSymbol (/usr/lib/code/extensions/node_modules/typescript/lib/tsserver.js:123920:21)
    at Object.getReferencedSymbolsForNode (/usr/lib/code/extensions/node_modules/typescript/lib/tsserver.js:123686:34)
    at Object.getReferenceEntriesForNode (/usr/lib/code/extensions/node_modules/typescript/lib/tsserver.js:123351:40)
    at getSemanticDocumentHighlights (/usr/lib/code/extensions/node_modules/typescript/lib/tsserver.js:121958:57)
    at Object.getDocumentHighlights (/usr/lib/code/extensions/node_modules/typescript/lib/tsserver.js:121946:20)
    at Proxy.getDocumentHighlights (/usr/lib/code/extensions/node_modules/typescript/lib/tsserver.js:149331:42)
    at IOSession.Session.getDocumentHighlights (/usr/lib/code/extensions/node_modules/typescript/lib/tsserver.js:159987:71)
    at Session.handlers.ts.Map.ts.getEntries._a.<computed> (/usr/lib/code/extensions/node_modules/typescript/lib/tsserver.js:159315:61)
    at /usr/lib/code/extensions/node_modules/typescript/lib/tsserver.js:160963:88
    at IOSession.Session.executeWithRequestId (/usr/lib/code/extensions/node_modules/typescript/lib/tsserver.js:160954:28)
    at IOSession.Session.executeCommand (/usr/lib/code/extensions/node_modules/typescript/lib/tsserver.js:160963:33)
    at IOSession.Session.onMessage (/usr/lib/code/extensions/node_modules/typescript/lib/tsserver.js:160989:35)
    at Interface.<anonymous> (/usr/lib/code/extensions/node_modules/typescript/lib/tsserver.js:163650:31)
    at Interface.emit (events.js:315:20)
    at Interface._onLine (readline.js:337:10)
    at Interface._normalWrite (readline.js:482:12)
    at Socket.ondata (readline.js:194:10)
    at Socket.emit (events.js:315:20)
    at addChunk (internal/streams/readable.js:309:12)
    at readableAddChunk (internal/streams/readable.js:284:9)
    at Socket.Readable.push (internal/streams/readable.js:223:10)
    at Pipe.onStreamRead (internal/stream_base_commons.js:188:23): Error: <semantic> TypeScript Server Error (4.2.4)
Debug Failure. Expected export symbol to have a parent
Error: Debug Failure. Expected export symbol to have a parent
    at getExportAssignmentExport (/usr/lib/code/extensions/node_modules/typescript/lib/tsserver.js:122961:58)
    at getExport (/usr/lib/code/extensions/node_modules/typescript/lib/tsserver.js:122942:32)
    at Object.getImportOrExportSymbol (/usr/lib/code/extensions/node_modules/typescript/lib/tsserver.js:122906:53)
    at getImportOrExportReferences (/usr/lib/code/extensions/node_modules/typescript/lib/tsserver.js:124508:56)
    at getReferencesAtLocation (/usr/lib/code/extensions/node_modules/typescript/lib/tsserver.js:124438:17)
    at getReferencesInContainer (/usr/lib/code/extensions/node_modules/typescript/lib/tsserver.js:124382:21)
    at getReferencesInContainerOrFiles (/usr/lib/code/extensions/node_modules/typescript/lib/tsserver.js:123929:21)
    at getReferencedSymbolsForSymbol (/usr/lib/code/extensions/node_modules/typescript/lib/tsserver.js:123920:21)
    at Object.getReferencedSymbolsForNode (/usr/lib/code/extensions/node_modules/typescript/lib/tsserver.js:123686:34)
    at Object.getReferenceEntriesForNode (/usr/lib/code/extensions/node_modules/typescript/lib/tsserver.js:123351:40)
    at getSemanticDocumentHighlights (/usr/lib/code/extensions/node_modules/typescript/lib/tsserver.js:121958:57)
    at Object.getDocumentHighlights (/usr/lib/code/extensions/node_modules/typescript/lib/tsserver.js:121946:20)
    at Proxy.getDocumentHighlights (/usr/lib/code/extensions/node_modules/typescript/lib/tsserver.js:149331:42)
    at IOSession.Session.getDocumentHighlights (/usr/lib/code/extensions/node_modules/typescript/lib/tsserver.js:159987:71)
    at Session.handlers.ts.Map.ts.getEntries._a.<computed> (/usr/lib/code/extensions/node_modules/typescript/lib/tsserver.js:159315:61)
    at /usr/lib/code/extensions/node_modules/typescript/lib/tsserver.js:160963:88
    at IOSession.Session.executeWithRequestId (/usr/lib/code/extensions/node_modules/typescript/lib/tsserver.js:160954:28)
    at IOSession.Session.executeCommand (/usr/lib/code/extensions/node_modules/typescript/lib/tsserver.js:160963:33)
    at IOSession.Session.onMessage (/usr/lib/code/extensions/node_modules/typescript/lib/tsserver.js:160989:35)
    at Interface.<anonymous> (/usr/lib/code/extensions/node_modules/typescript/lib/tsserver.js:163650:31)
    at Interface.emit (events.js:315:20)
    at Interface._onLine (readline.js:337:10)
    at Interface._normalWrite (readline.js:482:12)
    at Socket.ondata (readline.js:194:10)
    at Socket.emit (events.js:315:20)
    at addChunk (internal/streams/readable.js:309:12)
    at readableAddChunk (internal/streams/readable.js:284:9)
    at Socket.Readable.push (internal/streams/readable.js:223:10)
    at Pipe.onStreamRead (internal/stream_base_commons.js:188:23)
    at Function.create (/usr/lib/code/extensions/typescript-language-features/dist/extension.js:1:70680)
    at dispatchResponse (/usr/lib/code/extensions/typescript-language-features/dist/extension.js:1:64555)
    at dispatchMessage (/usr/lib/code/extensions/typescript-language-features/dist/extension.js:1:63414)
    at /usr/lib/code/extensions/typescript-language-features/dist/extension.js:1:62924
    at fire (/usr/lib/code/out/vs/workbench/services/extensions/node/extensionHostProcess.js:57:1836)
    at g.onLengthData (/usr/lib/code/extensions/typescript-language-features/dist/extension.js:1:433224)
    at Socket.<anonymous> (/usr/lib/code/extensions/typescript-language-features/dist/extension.js:1:432872)
    at Socket.emit (events.js:315:20)
    at addChunk (internal/streams/readable.js:309:12)
    at readableAddChunk (internal/streams/readable.js:284:9)
    at Socket.Readable.push (internal/streams/readable.js:223:10)
    at Pipe.onStreamRead (internal/stream_base_commons.js:188:23)
