[2021-05-19 06:27:38.107] [exthost] [info] extension host started
[2021-05-19 06:27:38.190] [exthost] [info] ExtensionService#_doActivateExtension Dart-Code.dart-code {"startup":false,"extensionId":{"value":"Dart-Code.dart-code","_lower":"dart-code.dart-code"},"activationEvent":"onLanguage:dart"}
[2021-05-19 06:27:38.191] [exthost] [info] ExtensionService#loadCommonJSModule file:///home/darshan/.vscode-oss/extensions/dart-code.dart-code-3.22.0/out/dist/extension
[2021-05-19 06:27:38.253] [exthost] [info] ExtensionService#_doActivateExtension vscode.debug-auto-launch {"startup":true,"extensionId":{"value":"vscode.debug-auto-launch","_lower":"vscode.debug-auto-launch"},"activationEvent":"*"}
[2021-05-19 06:27:38.253] [exthost] [info] ExtensionService#loadCommonJSModule file:///usr/lib/code/extensions/debug-auto-launch/dist/extension
[2021-05-19 06:27:38.255] [exthost] [info] ExtensionService#_doActivateExtension vscode.git {"startup":true,"extensionId":{"value":"vscode.github","_lower":"vscode.github"},"activationEvent":"*"}
[2021-05-19 06:27:38.255] [exthost] [info] ExtensionService#loadCommonJSModule file:///usr/lib/code/extensions/git/dist/main
[2021-05-19 06:27:38.272] [exthost] [info] ExtensionService#_doActivateExtension CoenraadS.bracket-pair-colorizer {"startup":true,"extensionId":{"value":"CoenraadS.bracket-pair-colorizer","_lower":"coenraads.bracket-pair-colorizer"},"activationEvent":"*"}
[2021-05-19 06:27:38.272] [exthost] [info] ExtensionService#loadCommonJSModule file:///home/darshan/.vscode-oss/extensions/coenraads.bracket-pair-colorizer-1.0.61/out/src/extension
[2021-05-19 06:27:38.289] [exthost] [info] ExtensionService#_doActivateExtension vscodevim.vim {"startup":true,"extensionId":{"value":"vscodevim.vim","_lower":"vscodevim.vim"},"activationEvent":"*"}
[2021-05-19 06:27:38.289] [exthost] [info] ExtensionService#loadCommonJSModule file:///home/darshan/.vscode-oss/extensions/vscodevim.vim-1.20.2/out/extension
[2021-05-19 06:27:38.438] [exthost] [info] ExtensionService#_doActivateExtension vscode.github {"startup":true,"extensionId":{"value":"vscode.github","_lower":"vscode.github"},"activationEvent":"*"}
[2021-05-19 06:27:38.438] [exthost] [info] ExtensionService#loadCommonJSModule file:///usr/lib/code/extensions/github/dist/extension.js
[2021-05-19 06:27:38.531] [exthost] [info] eager extensions activated
[2021-05-19 06:27:38.591] [exthost] [info] ExtensionService#_doActivateExtension Dart-Code.flutter {"startup":false,"extensionId":{"value":"Dart-Code.dart-code","_lower":"dart-code.dart-code"},"activationEvent":"api"}
[2021-05-19 06:27:38.591] [exthost] [info] ExtensionService#loadCommonJSModule file:///home/darshan/.vscode-oss/extensions/dart-code.flutter-3.22.0/out/src/extension
[2021-05-19 06:27:38.595] [exthost] [info] ExtensionService#_doActivateExtension ms-vscode.js-debug {"startup":false,"extensionId":{"value":"ms-vscode.js-debug","_lower":"ms-vscode.js-debug"},"activationEvent":"onCommand:extension.js-debug.clearAutoAttachVariables"}
[2021-05-19 06:27:38.595] [exthost] [info] ExtensionService#loadCommonJSModule file:///usr/lib/code/extensions/ms-vscode.js-debug/src/extension.js
[2021-05-19 06:27:38.727] [exthost] [info] ExtensionService#_doActivateExtension vscode.emmet {"startup":false,"extensionId":{"value":"vscode.emmet","_lower":"vscode.emmet"},"activationEvent":"onStartupFinished"}
[2021-05-19 06:27:38.728] [exthost] [info] ExtensionService#loadCommonJSModule file:///usr/lib/code/extensions/emmet/dist/node/emmetNodeMain
[2021-05-19 06:27:38.734] [exthost] [info] ExtensionService#_doActivateExtension vscode.merge-conflict {"startup":false,"extensionId":{"value":"vscode.merge-conflict","_lower":"vscode.merge-conflict"},"activationEvent":"onStartupFinished"}
[2021-05-19 06:27:38.734] [exthost] [info] ExtensionService#loadCommonJSModule file:///usr/lib/code/extensions/merge-conflict/dist/mergeConflictMain
[2021-05-19 06:27:38.736] [exthost] [info] ExtensionService#_doActivateExtension vscode.testing-editor-contributions {"startup":false,"extensionId":{"value":"vscode.testing-editor-contributions","_lower":"vscode.testing-editor-contributions"},"activationEvent":"onStartupFinished"}
[2021-05-19 06:27:38.736] [exthost] [info] ExtensionService#loadCommonJSModule file:///usr/lib/code/extensions/testing-editor-contributions/dist/extension.js
[2021-05-19 06:27:38.737] [exthost] [info] ExtensionService#_doActivateExtension esbenp.prettier-vscode {"startup":false,"extensionId":{"value":"esbenp.prettier-vscode","_lower":"esbenp.prettier-vscode"},"activationEvent":"onStartupFinished"}
[2021-05-19 06:27:38.737] [exthost] [info] ExtensionService#loadCommonJSModule file:///home/darshan/.vscode-oss/extensions/esbenp.prettier-vscode-6.4.0/dist/extension
[2021-05-19 06:27:38.922] [exthost] [error] [Dart-Code.dart-code] provider FAILED
[2021-05-19 06:27:38.922] [exthost] [error] {"code":"GET_FIXES_INVALID_FILE","message":"Error during `edit.getFixes`: invalid file."}
[2021-05-19 06:27:40.813] [exthost] [warning] [Decorations] CAPPING events from decorations provider vscode.git 5000
[2021-05-19 06:27:47.472] [exthost] [info] ExtensionService#_doActivateExtension vscode.debug-server-ready {"startup":false,"extensionId":{"value":"vscode.debug-server-ready","_lower":"vscode.debug-server-ready"},"activationEvent":"onDebugResolve"}
[2021-05-19 06:27:47.472] [exthost] [info] ExtensionService#loadCommonJSModule file:///usr/lib/code/extensions/debug-server-ready/dist/extension
[2021-05-19 08:24:13.637] [exthost] [info] extension host terminating: received terminate message from renderer
[2021-05-19 08:24:14.648] [exthost] [info] exiting with code 0
